<?xml version="1.0" encoding="UTF-8"?>
<!-- Generated by org.testng.reporters.JUnitXMLReporter -->
<testsuite ignored="12" hostname="USMAN_PC" failures="0" tests="1" name="Default test" time="0.12" errors="0" timestamp="2023-06-11T21:26:57 CEST">
  <testcase classname="Usman.Usman.Maintest" name="navigateBack2" time="0.075"/>
  <testcase classname="Usman.Usman.Maintest" name="navigateBack" time="0.0">
    <ignored/>
  </testcase> <!-- navigateBack -->
  <testcase classname="Usman.Usman.Maintest" name="navigateBack1" time="0.0">
    <ignored/>
  </testcase> <!-- navigateBack1 -->
  <testcase classname="Usman.Usman.Maintest" name="tv" time="0.0">
    <ignored/>
  </testcase> <!-- tv -->
  <testcase classname="Usman.Usman.Maintest" name="addcarte" time="0.0">
    <ignored/>
  </testcase> <!-- addcarte -->
  <testcase classname="Usman.Usman.Maintest" name="compare" time="0.0">
    <ignored/>
  </testcase> <!-- compare -->
  <testcase classname="Usman.Usman.Maintest" name="dropdownTest" time="0.0">
    <ignored/>
  </testcase> <!-- dropdownTest -->
  <testcase classname="Usman.Usman.Maintest" name="mobilepricecompare" time="0.0">
    <ignored/>
  </testcase> <!-- mobilepricecompare -->
  <testcase classname="Usman.Usman.Maintest" name="mobilename" time="0.0">
    <ignored/>
  </testcase> <!-- mobilename -->
  <testcase classname="Usman.Usman.Maintest" name="title" time="0.0">
    <ignored/>
  </testcase> <!-- title -->
  <testcase classname="Usman.Usman.Maintest" name="dropdown" time="0.0">
    <ignored/>
  </testcase> <!-- dropdown -->
  <testcase classname="Usman.Usman.Maintest" name="Mobile" time="0.0">
    <ignored/>
  </testcase> <!-- Mobile -->
  <testcase classname="Usman.Usman.Maintest" name="creataccount" time="0.0">
    <ignored/>
  </testcase> <!-- creataccount -->
</testsuite> <!-- Default test -->
