<?xml version="1.0" encoding="UTF-8"?>
<!-- Generated by org.testng.reporters.JUnitXMLReporter -->
<testsuite ignored="0" hostname="USMAN_PC" failures="0" tests="10" name="Default test" time="66.279" errors="0" timestamp="2023-06-10T15:20:48 CEST">
  <testcase classname="Usman.Usman.Maintest" name="title" time="5.329"/>
  <testcase classname="Usman.Usman.Maintest" name="Mobile" time="7.356"/>
  <testcase classname="Usman.Usman.Maintest" name="dropdown" time="5.098"/>
  <testcase classname="Usman.Usman.Maintest" name="dropdownTest" time="0.857"/>
  <testcase classname="Usman.Usman.Maintest" name="mobilename" time="0.272"/>
  <testcase classname="Usman.Usman.Maintest" name="mobilepricecompare" time="9.118"/>
  <testcase classname="Usman.Usman.Maintest" name="navigateBack" time="0.684"/>
  <testcase classname="Usman.Usman.Maintest" name="addcarte" time="18.453"/>
  <testcase classname="Usman.Usman.Maintest" name="navigateBack1" time="6.692"/>
  <testcase classname="Usman.Usman.Maintest" name="compare" time="12.337"/>
</testsuite> <!-- Default test -->
