<?xml version="1.0" encoding="UTF-8"?>
<testng-results ignored="12" total="13" passed="1" failed="0" skipped="0">
  <reporter-output>
  </reporter-output>
  <suite started-at="2023-06-11T21:26:57 CEST" name="Default suite" finished-at="2023-06-11T21:26:57 CEST" duration-ms="120">
    <groups>
    </groups>
    <test started-at="2023-06-11T21:26:57 CEST" name="Default test" finished-at="2023-06-11T21:26:57 CEST" duration-ms="120">
      <class name="Usman.Usman.Maintest">
        <test-method is-config="true" signature="setup()[pri:0, instance:Usman.Usman.Maintest@7e5afaa6]" started-at="2023-06-11T21:26:46 CEST" name="setup" finished-at="2023-06-11T21:26:57 CEST" duration-ms="10873" status="PASS">
          <reporter-output>
          </reporter-output>
        </test-method> <!-- setup -->
        <test-method signature="navigateBack2()[pri:9, instance:Usman.Usman.Maintest@7e5afaa6]" started-at="2023-06-11T21:26:57 CEST" name="navigateBack2" finished-at="2023-06-11T21:26:57 CEST" duration-ms="75" status="PASS">
          <reporter-output>
          </reporter-output>
        </test-method> <!-- navigateBack2 -->
      </class> <!-- Usman.Usman.Maintest -->
    </test> <!-- Default test -->
  </suite> <!-- Default suite -->
</testng-results>
